Assembler report for Jump_Duck_Dino
Thu May 14 15:41:49 2020
Quartus Prime Version 18.1.1 Build 646 04/11/2019 SJ Lite Edition


---------------------
; Table of Contents ;
---------------------
  1. Legal Notice
  2. Assembler Summary
  3. Assembler Settings
  4. Assembler Generated Files
  5. Assembler Device Options: C:/FPGA/FPGA/output_files/Jump_Duck_Dino.sof
  6. Assembler Messages



----------------
; Legal Notice ;
----------------
Copyright (C) 2019  Intel Corporation. All rights reserved.
Your use of Intel Corporation's design tools, logic functions 
and other software and tools, and any partner logic 
functions, and any output files from any of the foregoing 
(including device programming or simulation files), and any 
associated documentation or information are expressly subject 
to the terms and conditions of the Intel Program License 
Subscription Agreement, the Intel Quartus Prime License Agreement,
the Intel FPGA IP License Agreement, or other applicable license
agreement, including, without limitation, that your use is for
the sole purpose of programming logic devices manufactured by
Intel and sold by Intel or its authorized distributors.  Please
refer to the applicable agreement for further details, at
https://fpgasoftware.intel.com/eula.



+---------------------------------------------------------------+
; Assembler Summary                                             ;
+-----------------------+---------------------------------------+
; Assembler Status      ; Successful - Thu May 14 15:41:49 2020 ;
; Revision Name         ; Jump_Duck_Dino                        ;
; Top-level Entity Name ; Jump_Duck_Dino                        ;
; Family                ; Cyclone IV E                          ;
; Device                ; EP4CE115F29C7                         ;
+-----------------------+---------------------------------------+


+----------------------------------+
; Assembler Settings               ;
+--------+---------+---------------+
; Option ; Setting ; Default Value ;
+--------+---------+---------------+


+----------------------------------------------+
; Assembler Generated Files                    ;
+----------------------------------------------+
; File Name                                    ;
+----------------------------------------------+
; C:/FPGA/FPGA/output_files/Jump_Duck_Dino.sof ;
+----------------------------------------------+


+------------------------------------------------------------------------+
; Assembler Device Options: C:/FPGA/FPGA/output_files/Jump_Duck_Dino.sof ;
+----------------+-------------------------------------------------------+
; Option         ; Setting                                               ;
+----------------+-------------------------------------------------------+
; JTAG usercode  ; 0x005644F8                                            ;
; Checksum       ; 0x005644F8                                            ;
+----------------+-------------------------------------------------------+


+--------------------+
; Assembler Messages ;
+--------------------+
Info: *******************************************************************
Info: Running Quartus Prime Assembler
    Info: Version 18.1.1 Build 646 04/11/2019 SJ Lite Edition
    Info: Processing started: Thu May 14 15:41:45 2020
Info: Command: quartus_asm --read_settings_files=off --write_settings_files=off Jump_Duck_Dino -c Jump_Duck_Dino
Info (115031): Writing out detailed assembly data for power analysis
Info (115030): Assembler is generating device programming files
Info: Quartus Prime Assembler was successful. 0 errors, 0 warnings
    Info: Peak virtual memory: 4689 megabytes
    Info: Processing ended: Thu May 14 15:41:49 2020
    Info: Elapsed time: 00:00:04
    Info: Total CPU time (on all processors): 00:00:03


